                                                                                                                        
>>>>>>>>>>>>>>>>>>>>>>>>>>>>>>>>>>>>>>>>>>>>>>>>>>>>>>>>>>>>>>>>>>>>>>>>>>>>>>>>>>>>>>>>>>>>>>>>>>>>>>>>>>>>>>>>>>>>>>>>
2023-08-25 18:56:44,231 - INFO - START data_discovery =============================================
2023-08-25 18:56:44,231 - INFO - START data_discovery Start Time = 2023-08-25 18:56:44
2023-08-25 18:56:44,231 - INFO - data_discovery Step 0 - Initialize the configuration file parser
2023-08-25 18:56:44,253 - INFO - Imported existing <module 'comtypes.gen' from 'C:\\Users\\josep\\anaconda3\\lib\\site-packages\\comtypes\\gen\\__init__.py'>
2023-08-25 18:56:44,253 - INFO - Using writeable comtypes cache directory: 'C:\Users\josep\anaconda3\lib\site-packages\comtypes\gen'
2023-08-25 18:56:49,909 - INFO - Process data_discovery Step 0 - Initializing and starting Process.
2023-08-25 18:56:52,998 - INFO - Step 1 - Establish the root Directory
2023-08-25 18:56:52,999 - INFO - The root directory to walk is : C:\Data
2023-08-25 18:56:57,277 - INFO - Step 2 - Walk the directory structure  to discover all data directories
2023-08-25 18:56:57,280 - INFO - Registering Directory # 0 C:\Data  
2023-08-25 18:56:57,281 - INFO - Registering Directory # 1 C:\Data\Behavioral Health  
2023-08-25 18:56:57,282 - INFO - Registering Directory # 2 C:\Data\brfss_cdc  
2023-08-25 18:56:57,283 - INFO - Registering Directory # 3 C:\Data\Chronic Kidney Disease  
2023-08-25 18:56:57,284 - INFO - Registering Directory # 4 C:\Data\Chronic_Disease_Indicators  
2023-08-25 18:56:57,285 - INFO - Registering Directory # 5 C:\Data\Data_Science_Data  
2023-08-25 18:56:57,286 - INFO - Registering Directory # 6 C:\Data\Data_Science_Data\Projects  
2023-08-25 18:56:57,287 - INFO - Registering Directory # 7 C:\Data\Data_Science_Data\Projects\AIHS  
2023-08-25 18:56:57,289 - INFO - Registering Directory # 8 C:\Data\Data_Science_Data\Projects\AIHS\Architecture  
2023-08-25 18:56:57,290 - INFO - Registering Directory # 9 C:\Data\Data_Science_Data\Projects\AIHS\Chatbot Initial Conversation - Botsociety_files  
2023-08-25 18:56:57,291 - INFO - Registering Directory # 10 C:\Data\Data_Science_Data\Test_Data  
2023-08-25 18:56:57,292 - INFO - Registering Directory # 11 C:\Data\Data_Science_Data\Test_Data\India Health Stats  
2023-08-25 18:56:57,293 - INFO - Registering Directory # 12 C:\Data\Data_Science_Data\Test_Data\Medicare  
2023-08-25 18:56:57,294 - INFO - Registering Directory # 13 C:\Data\Data_Science_Data\Test_Data\Mental_Health_FAQ_for_Chatbot  
2023-08-25 18:56:57,295 - INFO - Registering Directory # 14 C:\Data\Data_Science_Data\Test_Data\New_Kaggle_Data  
2023-08-25 18:56:57,296 - INFO - Registering Directory # 15 C:\Data\Data_Science_Data\Test_Data\nhanes  
2023-08-25 18:56:57,297 - INFO - Registering Directory # 16 C:\Data\Diabetes  
2023-08-25 18:56:57,298 - INFO - Registering Directory # 17 C:\Data\Heart  
2023-08-25 18:56:57,299 - INFO - Registering Directory # 18 C:\Data\lakeview_pdf  
2023-08-25 18:56:57,300 - INFO - Registering Directory # 19 C:\Data\tableau  
2023-08-25 18:56:57,301 - INFO - Registering Directory # 20 C:\Data\titanic  
2023-08-25 18:56:57,302 - INFO - Registering Directory # 21 C:\Data\world health statististics  
2023-08-25 18:56:57,303 - INFO - Registering Directory # 22 C:\Data\world news data  
2023-08-25 18:56:57,304 - INFO - Registering Directory # 23 C:\Data\world_cities  
2023-08-25 18:56:57,306 - INFO - Registering Directory # 24 C:\Data\world_happiness  
2023-08-25 18:56:57,307 - INFO - Registering Directory # 25 C:\Data\world_indicators  
2023-08-25 18:57:00,919 - INFO - Step 2 Done - Listing all Registered data Directories: 
2023-08-25 18:57:00,934 - INFO - Registering Directories in excel File:C:/working_directory/temporary_data/Import_Directory_Registry.xlsx 
2023-08-25 18:57:05,243 - INFO - Step 3 - Discover and Register all CSV files to import 
2023-08-25 18:57:05,244 - INFO - CSV Total#1 File #1 filename: C:\Data\Behavioral Health\2011.csv  
2023-08-25 18:57:05,245 - INFO - CSV Total#2 File #2 filename: C:\Data\Behavioral Health\2012.csv  
2023-08-25 18:57:05,247 - INFO - CSV Total#3 File #3 filename: C:\Data\Behavioral Health\2013.csv  
2023-08-25 18:57:05,248 - INFO - CSV Total#4 File #4 filename: C:\Data\Behavioral Health\2014.csv  
2023-08-25 18:57:05,249 - INFO - CSV Total#5 File #5 filename: C:\Data\Behavioral Health\2015.csv  
2023-08-25 18:57:05,252 - INFO - CSV Total#6 File #6 filename: C:\Data\Behavioral Health\Behavioral_Risk_Factor_Surveillance_System__BRFSS__Historical_Questions.csv  
2023-08-25 18:57:05,253 - INFO - CSV Total#7 File #7 filename: C:\Data\Behavioral Health\Behavioral_Risk_Factor_Surveillance_System__BRFSS__Prevalence_Data__2011_to_present_.csv  
2023-08-25 18:57:05,255 - INFO - CSV Total#8 File #1 filename: C:\Data\brfss_cdc\2011.csv  
2023-08-25 18:57:05,258 - INFO - CSV Total#9 File #2 filename: C:\Data\brfss_cdc\2012.csv  
2023-08-25 18:57:05,260 - INFO - CSV Total#10 File #3 filename: C:\Data\brfss_cdc\2013.csv  
2023-08-25 18:57:05,262 - INFO - CSV Total#11 File #4 filename: C:\Data\brfss_cdc\2014.csv  
2023-08-25 18:57:05,264 - INFO - CSV Total#12 File #5 filename: C:\Data\brfss_cdc\2015.csv  
2023-08-25 18:57:05,266 - INFO - CSV Total#13 File #6 filename: C:\Data\brfss_cdc\Behavioral_Risk_Factor_Surveillance_System__BRFSS__Age-Adjusted_Prevalence_Data__2011_to_present_.csv  
2023-08-25 18:57:05,267 - INFO - CSV Total#14 File #7 filename: C:\Data\brfss_cdc\BRFSS_2015.csv  
2023-08-25 18:57:05,269 - INFO - CSV Total#15 File #1 filename: C:\Data\Chronic Kidney Disease\kidney_disease.csv  
2023-08-25 18:57:05,271 - INFO - CSV Total#16 File #1 filename: C:\Data\Chronic_Disease_Indicators\U.S._Chronic_Disease_Indicators.csv  
2023-08-25 18:57:05,274 - INFO - CSV Total#17 File #1 filename: C:\Data\Data_Science_Data\Test_Data\India Health Stats\Key_indicator_districtwise.csv  
2023-08-25 18:57:05,276 - INFO - CSV Total#18 File #2 filename: C:\Data\Data_Science_Data\Test_Data\India Health Stats\Key_indicator_statewise.csv  
2023-08-25 18:57:05,279 - INFO - CSV Total#19 File #1 filename: C:\Data\Data_Science_Data\Test_Data\Medicare\Inpatient_Pat.csv  
2023-08-25 18:57:05,280 - INFO - CSV Total#20 File #2 filename: C:\Data\Data_Science_Data\Test_Data\Medicare\Inpatient_provdr.csv  
2023-08-25 18:57:05,282 - INFO - CSV Total#21 File #3 filename: C:\Data\Data_Science_Data\Test_Data\Medicare\Outpatient_Pat.csv  
2023-08-25 18:57:05,283 - INFO - CSV Total#22 File #4 filename: C:\Data\Data_Science_Data\Test_Data\Medicare\Outpatient_provdr.csv  
2023-08-25 18:57:05,285 - INFO - CSV Total#23 File #5 filename: C:\Data\Data_Science_Data\Test_Data\Medicare\Patient_history_samp.csv  
2023-08-25 18:57:05,287 - INFO - CSV Total#24 File #6 filename: C:\Data\Data_Science_Data\Test_Data\Medicare\Review_patient_history_samp.csv  
2023-08-25 18:57:05,290 - INFO - CSV Total#25 File #7 filename: C:\Data\Data_Science_Data\Test_Data\Medicare\Rreview_transaction_coo.csv  
2023-08-25 18:57:05,291 - INFO - CSV Total#26 File #8 filename: C:\Data\Data_Science_Data\Test_Data\Medicare\Transaction_coo.csv  
2023-08-25 18:57:05,293 - INFO - CSV Total#27 File #1 filename: C:\Data\Data_Science_Data\Test_Data\Mental_Health_FAQ_for_Chatbot\Mental_Health_FAQ.csv  
2023-08-25 18:57:05,296 - INFO - CSV Total#28 File #1 filename: C:\Data\Data_Science_Data\Test_Data\New_Kaggle_Data\lowbirthweight.csv  
2023-08-25 18:57:05,297 - INFO - CSV Total#29 File #2 filename: C:\Data\Data_Science_Data\Test_Data\New_Kaggle_Data\Meonatl Mortality UNIGME-2021.csv  
2023-08-25 18:57:05,299 - INFO - CSV Total#30 File #1 filename: C:\Data\Diabetes\dg.csv  
2023-08-25 18:57:05,301 - INFO - CSV Total#31 File #2 filename: C:\Data\Diabetes\diabetes.csv  
2023-08-25 18:57:05,303 - INFO - CSV Total#32 File #3 filename: C:\Data\Diabetes\Diabetes_Pima_Indians.csv  
2023-08-25 18:57:05,305 - INFO - CSV Total#33 File #1 filename: C:\Data\Heart\heart.csv  
2023-08-25 18:57:05,307 - INFO - CSV Total#34 File #1 filename: C:\Data\titanic\titanic.csv  
2023-08-25 18:57:05,310 - INFO - CSV Total#35 File #2 filename: C:\Data\titanic\titanic_test.csv  
2023-08-25 18:57:05,312 - INFO - CSV Total#36 File #1 filename: C:\Data\world health statististics\30-70cancerChdEtc.csv  
2023-08-25 18:57:05,313 - INFO - CSV Total#37 File #2 filename: C:\Data\world health statististics\adolescentBirthRate.csv  
2023-08-25 18:57:05,315 - INFO - CSV Total#38 File #3 filename: C:\Data\world health statististics\airPollutionDeathRate.csv  
2023-08-25 18:57:05,317 - INFO - CSV Total#39 File #4 filename: C:\Data\world health statististics\alcoholSubstanceAbuse.csv  
2023-08-25 18:57:05,318 - INFO - CSV Total#40 File #5 filename: C:\Data\world health statististics\atLeastBasicSanitizationServices.csv  
2023-08-25 18:57:05,320 - INFO - CSV Total#41 File #6 filename: C:\Data\world health statististics\basicDrinkingWaterServices.csv  
2023-08-25 18:57:05,322 - INFO - CSV Total#42 File #7 filename: C:\Data\world health statististics\basicHandWashing.csv  
2023-08-25 18:57:05,324 - INFO - CSV Total#43 File #8 filename: C:\Data\world health statististics\birthAttendedBySkilledPersonal.csv  
2023-08-25 18:57:05,325 - INFO - CSV Total#44 File #9 filename: C:\Data\world health statististics\cleanFuelAndTech.csv  
2023-08-25 18:57:05,327 - INFO - CSV Total#45 File #10 filename: C:\Data\world health statististics\crudeSuicideRates.csv  
2023-08-25 18:57:05,330 - INFO - CSV Total#46 File #11 filename: C:\Data\world health statististics\dataAvailibilityForUhc.csv  
2023-08-25 18:57:05,331 - INFO - CSV Total#47 File #12 filename: C:\Data\world health statististics\dentists.csv  
2023-08-25 18:57:05,334 - INFO - CSV Total#48 File #13 filename: C:\Data\world health statististics\eliminateViolenceAgainstWomen.csv  
2023-08-25 18:57:05,336 - INFO - CSV Total#49 File #14 filename: C:\Data\world health statististics\HALElifeExpectancyAtBirth.csv  
2023-08-25 18:57:05,337 - INFO - CSV Total#50 File #15 filename: C:\Data\world health statististics\HALeWHOregionLifeExpectancyAtBirth.csv  
2023-08-25 18:57:05,340 - INFO - CSV Total#51 File #16 filename: C:\Data\world health statististics\hepatitusBsurfaceAntigen.csv  
2023-08-25 18:57:05,342 - INFO - CSV Total#52 File #17 filename: C:\Data\world health statististics\incedenceOfMalaria.csv  
2023-08-25 18:57:05,344 - INFO - CSV Total#53 File #18 filename: C:\Data\world health statististics\incedenceOfTuberculosis.csv  
2023-08-25 18:57:05,345 - INFO - CSV Total#54 File #19 filename: C:\Data\world health statististics\infantMortalityRate.csv  
2023-08-25 18:57:05,347 - INFO - CSV Total#55 File #20 filename: C:\Data\world health statististics\interventionAgianstNTDs.csv  
2023-08-25 18:57:05,349 - INFO - CSV Total#56 File #21 filename: C:\Data\world health statististics\lifeExpectancyAtBirth.csv  
2023-08-25 18:57:05,351 - INFO - CSV Total#57 File #22 filename: C:\Data\world health statististics\maternalMortalityRatio.csv  
2023-08-25 18:57:05,353 - INFO - CSV Total#58 File #23 filename: C:\Data\world health statististics\medicalDoctors.csv  
2023-08-25 18:57:05,354 - INFO - CSV Total#59 File #24 filename: C:\Data\world health statististics\mortalityRatePoisoning.csv  
2023-08-25 18:57:05,356 - INFO - CSV Total#60 File #25 filename: C:\Data\world health statististics\mortalityRateUnsafeWash.csv  
2023-08-25 18:57:05,357 - INFO - CSV Total#61 File #26 filename: C:\Data\world health statististics\neonatalMortalityRate.csv  
2023-08-25 18:57:05,359 - INFO - CSV Total#62 File #27 filename: C:\Data\world health statististics\newHivInfections.csv  
2023-08-25 18:57:05,361 - INFO - CSV Total#63 File #28 filename: C:\Data\world health statististics\nursingAndMidwife.csv  
2023-08-25 18:57:05,363 - INFO - CSV Total#64 File #29 filename: C:\Data\world health statististics\ofHaleInLifeExpectancy.csv  
2023-08-25 18:57:05,365 - INFO - CSV Total#65 File #30 filename: C:\Data\world health statististics\pharmacists.csv  
2023-08-25 18:57:05,366 - INFO - CSV Total#66 File #31 filename: C:\Data\world health statististics\population10SDG3.8.2.csv  
2023-08-25 18:57:05,369 - INFO - CSV Total#67 File #32 filename: C:\Data\world health statististics\population25SDG3.8.2.csv  
2023-08-25 18:57:05,370 - INFO - CSV Total#68 File #33 filename: C:\Data\world health statististics\reproductiveAgeWomen.csv  
2023-08-25 18:57:05,372 - INFO - CSV Total#69 File #34 filename: C:\Data\world health statististics\roadTrafficDeaths.csv  
2023-08-25 18:57:05,374 - INFO - CSV Total#70 File #35 filename: C:\Data\world health statististics\safelySanitization.csv  
2023-08-25 18:57:05,375 - INFO - CSV Total#71 File #36 filename: C:\Data\world health statististics\tobaccoAge15.csv  
2023-08-25 18:57:05,377 - INFO - CSV Total#72 File #37 filename: C:\Data\world health statististics\uhcCoverage.csv  
2023-08-25 18:57:05,378 - INFO - CSV Total#73 File #38 filename: C:\Data\world health statististics\under5MortalityRate.csv  
2023-08-25 18:57:05,380 - INFO - CSV Total#74 File #39 filename: C:\Data\world health statististics\WHOregionLifeExpectancyAtBirth.csv  
2023-08-25 18:57:05,382 - INFO - CSV Total#75 File #1 filename: C:\Data\world news data\WorldNewsData.csv  
2023-08-25 18:57:05,384 - INFO - CSV Total#76 File #1 filename: C:\Data\world_cities\worldcitiespop.csv  
2023-08-25 18:57:05,386 - INFO - CSV Total#77 File #1 filename: C:\Data\world_happiness\2015.csv  
2023-08-25 18:57:05,387 - INFO - CSV Total#78 File #2 filename: C:\Data\world_happiness\2016.csv  
2023-08-25 18:57:05,389 - INFO - CSV Total#79 File #3 filename: C:\Data\world_happiness\2017.csv  
2023-08-25 18:57:05,391 - INFO - CSV Total#80 File #4 filename: C:\Data\world_happiness\2018.csv  
2023-08-25 18:57:05,393 - INFO - CSV Total#81 File #5 filename: C:\Data\world_happiness\2019.csv  
2023-08-25 18:57:05,394 - INFO - CSV Total#82 File #6 filename: C:\Data\world_happiness\2020.csv  
2023-08-25 18:57:05,396 - INFO - CSV Total#83 File #7 filename: C:\Data\world_happiness\2021.csv  
2023-08-25 18:57:05,397 - INFO - CSV Total#84 File #8 filename: C:\Data\world_happiness\2022.csv  
2023-08-25 18:57:05,399 - INFO - CSV Total#85 File #9 filename: C:\Data\world_happiness\world-happiness-report-2021.csv  
2023-08-25 18:57:05,400 - INFO - CSV Total#86 File #10 filename: C:\Data\world_happiness\world-happiness-report.csv  
2023-08-25 18:57:05,476 - INFO - PERFORMANCE data_discovery The total process duration was:21.25
2023-08-25 18:57:05,477 - INFO - PERFORMANCE data_discovery Stop Time = 2023-08-25 18:57:05
2023-08-25 18:57:05,477 - INFO - PERFORMANCE data_discovery Low process duration less than 3 minutes:21.25
2023-08-25 18:57:05,477 - INFO - PERFORMANCE data_discovery Performance optimization is optional
2023-08-25 18:57:05,477 - INFO - END data_discovery =============================================

<<<<<<<<<<<<<<<<<<<<<<<<<<<<<<<<<<<<<<<<<<<<<<<<<<<<<<<<<<<<<<<<<<<<<<<<<<<<<<<<<<<<<<<<<<<<<<<<<<<<<<<<<<<<<<<<<<<<<<<<
                                                                                                                        
